2024-08-20 08:11:46 [ DEBUG ] Handshake
2024-08-20 08:11:46 [ DEBUG ] Handshake
2024-08-20 08:18:01 [ DEBUG ] Handshake
2024-08-20 08:18:01 [ DEBUG ] Handshake
2024-08-20 08:21:38 [ DEBUG ] Starting handshake for request: /
2024-08-20 08:21:38 [ DEBUG ] File upload handler for request: /
2024-08-20 08:21:38 [ DEBUG ] Starting handshake for request: /
2024-08-20 08:21:38 [ DEBUG ] File upload handler for request: /
2024-08-20 08:22:41 [ DEBUG ] Starting handshake for request: /
2024-08-20 08:22:41 [ DEBUG ] File upload handler for request: /
2024-08-20 08:22:41 [ DEBUG ] Bytes read: 2310
2024-08-20 08:22:41 [ DEBUG ] Line: CC          :=  c++
2024-08-20 08:26:25 [ DEBUG ] Starting handshake for request: /
2024-08-20 08:26:25 [ DEBUG ] File upload handler for request: /
2024-08-20 08:26:25 [ DEBUG ] Bytes read: 2566
2024-08-20 08:26:25 [ DEBUG ] Starting handshake for request: /
2024-08-20 08:26:25 [ DEBUG ] File upload handler for request: /
2024-08-20 08:26:25 [ DEBUG ] Bytes read: 0
2024-08-20 08:35:05 [ DEBUG ] Starting handshake for request: /
2024-08-20 08:35:05 [ DEBUG ] File upload handler for request: /
2024-08-20 08:35:05 [ DEBUG ] Bytes read: 2768
2024-08-20 08:35:05 [ DEBUG ] Starting handshake for request: /
2024-08-20 08:35:05 [ DEBUG ] File upload handler for request: /
2024-08-20 08:35:05 [ INFO ] No data received
2024-08-20 08:35:05 [ DEBUG ] Bytes read: 0
2024-08-20 08:44:59 [ DEBUG ] Starting handshake for request: /
2024-08-20 08:44:59 [ DEBUG ] File upload handler for request: /
2024-08-20 08:44:59 [ DEBUG ] Bytes read: 2768
2024-08-20 08:44:59 [ DEBUG ] Starting handshake for request: /
2024-08-20 08:44:59 [ DEBUG ] File upload handler for request: /
2024-08-20 08:44:59 [ DEBUG ] Bytes read: 0
2024-08-20 08:50:30 [ DEBUG ] Starting handshake for request: /
2024-08-20 08:50:30 [ DEBUG ] File upload handler for request: /
2024-08-20 08:50:30 [ DEBUG ] Bytes read: 2768
2024-08-20 08:50:30 [ DEBUG ] Starting handshake for request: /
2024-08-20 08:50:30 [ DEBUG ] File upload handler for request: /
2024-08-20 08:50:30 [ DEBUG ] Bytes read: 0
2024-08-20 09:00:46 [ DEBUG ] Starting handshake for request: /
2024-08-20 09:00:46 [ DEBUG ] File upload handler for request: /
2024-08-20 09:00:46 [ DEBUG ] Bytes read: 2768
2024-08-20 09:00:46 [ DEBUG ] Line: Content-Disposition: form-data; name="text"
2024-08-20 09:00:46 [ DEBUG ] Adding form data: text text default
2024-08-20 09:00:46 [ DEBUG ] Line: Content-Disposition: form-data; name="file1"; filename="README.md"
2024-08-20 09:00:46 [ DEBUG ] Content-Type: text/plain
2024-08-20 09:00:46 [ DEBUG ] Writing to file: README.md
2024-08-20 09:00:46 [ DEBUG ] Data: # Webserv
2024-08-20 09:00:46 [ DEBUG ] Data: 
2024-08-20 09:00:46 [ DEBUG ] Data: ![](img/Webserv%20Lifecycle%20Overview.png)
2024-08-20 09:00:46 [ DEBUG ] Data: --------------------------RJZyGUmdWXHAbi11DsOJ9X
2024-08-20 09:00:46 [ DEBUG ] Line: Content-Disposition: form-data; name="file2"; filename="Makefile"
2024-08-20 09:00:46 [ DEBUG ] Content-Type: text/plain
2024-08-20 09:00:46 [ DEBUG ] Writing to file: Makefile
2024-08-20 09:00:46 [ DEBUG ] Data: NAME        :=  webserv
2024-08-20 09:00:46 [ DEBUG ] Data: CC          :=  c++
2024-08-20 09:00:46 [ DEBUG ] Data: CFLAGS       :=  -Wall -Wextra -Werror -std=c++17 -g -fsanitize=address
2024-08-20 09:00:46 [ DEBUG ] Data: 
2024-08-20 09:00:46 [ DEBUG ] Data: INCLUDE_DIRS := -I./include -I./tester
2024-08-20 09:00:46 [ DEBUG ] Data: TESTER_MAIN := tester/main.cpp tester/TestCase.cpp tester/TestRequest.cpp
2024-08-20 09:00:46 [ DEBUG ] Data: SRC_MAIN := main.cpp
2024-08-20 09:00:46 [ DEBUG ] Data: 
2024-08-20 09:00:46 [ DEBUG ] Data: SRC_DIR := .
2024-08-20 09:00:46 [ DEBUG ] Data: OBJ_DIR := obj
2024-08-20 09:00:46 [ DEBUG ] Data: 
2024-08-20 09:00:46 [ DEBUG ] Data: SRC         :=  $(wildcard src/*.cpp) $(wildcard src/networking/*.cpp) \
2024-08-20 09:00:46 [ DEBUG ] Data: 	$(wildcard src/request/*.cpp) $(wildcard src/http/*.cpp) $(wildcard src/cgi/*.cpp) $(wildcard src/log/*.cpp)
2024-08-20 09:00:46 [ DEBUG ] Data: 
2024-08-20 09:00:46 [ DEBUG ] Data: OBJ         :=  $(SRC:.cpp=.o)
2024-08-20 09:00:46 [ DEBUG ] Data: 
2024-08-20 09:00:46 [ DEBUG ] Data: TEST_SRC    :=  $(wildcard tests/*.cpp)
2024-08-20 09:00:46 [ DEBUG ] Data: TEST_OBJ    :=  $(TEST_SRC:.cpp=.o)
2024-08-20 09:00:46 [ DEBUG ] Data: TEST_NAME   :=  run_tests
2024-08-20 09:00:46 [ DEBUG ] Data: 
2024-08-20 09:00:46 [ DEBUG ] Data: # Colors
2024-08-20 09:00:46 [ DEBUG ] Data: YELLOW      :=  \033[38;2;204;204;0m
2024-08-20 09:00:46 [ DEBUG ] Data: ORANGE      :=  \033[38;2;255;87;34m
2024-08-20 09:00:46 [ DEBUG ] Data: RESET       :=  \033[0m
2024-08-20 09:00:46 [ DEBUG ] Data: 
2024-08-20 09:00:46 [ DEBUG ] Data: # Cursor manipulation
2024-08-20 09:00:46 [ DEBUG ] Data: UP          :=  \033[A
2024-08-20 09:00:46 [ DEBUG ] Data: CUT         :=  \033[K
2024-08-20 09:00:46 [ DEBUG ] Data: BEGIN       :=  \033[0G
2024-08-20 09:00:46 [ DEBUG ] Data: 
2024-08-20 09:00:46 [ DEBUG ] Data: OBJ := $(addprefix $(OBJ_DIR)/, $(subst /,@,$(SRC:.cpp=.o)))
2024-08-20 09:00:46 [ DEBUG ] Data: OBJ_MAIN := $(addprefix $(OBJ_DIR)/, $(subst /,@,$(SRC_MAIN:.cpp=.o)))
2024-08-20 09:00:46 [ DEBUG ] Data: OBJ_TESTER := $(addprefix $(OBJ_DIR)/, $(subst /,@,$(TESTER_MAIN:.cpp=.o)))
2024-08-20 09:00:46 [ DEBUG ] Data: 
2024-08-20 09:00:46 [ DEBUG ] Data: all:
2024-08-20 09:00:46 [ DEBUG ] Data: 	@$(MAKE) $(NAME) -j
2024-08-20 09:00:46 [ DEBUG ] Data: 
2024-08-20 09:00:46 [ DEBUG ] Data: $(NAME): $(OBJ) $(OBJ_MAIN)
2024-08-20 09:00:46 [ DEBUG ] Data: 	@$(CC) $(OBJ) $(OBJ_MAIN) -o $(NAME) $(CFLAGS) $(INCLUDE_DIRS) && echo "Compiled $(NAME) successfully..!"
2024-08-20 09:00:46 [ DEBUG ] Data: 
2024-08-20 09:00:46 [ DEBUG ] Data: test: fclean $(OBJ) $(OBJ_TESTER)
2024-08-20 09:00:46 [ DEBUG ] Data: 	@$(CC) $(OBJ) $(OBJ_TESTER) -o $(NAME) $(CFLAGS) -D HALT_ON_FAILURE=1 $(INCLUDE_DIRS) && echo "Testing Mode Compiled $(NAME) successfully..!"
2024-08-20 09:00:46 [ DEBUG ] Data: 
2024-08-20 09:00:46 [ DEBUG ] Data: ## OBJ_DIR can be replaced by INCLUDE directory incase you need to include a library
2024-08-20 09:00:46 [ DEBUG ] Data: .SECONDEXPANSION:
2024-08-20 09:00:46 [ DEBUG ] Data: $(OBJ_DIR)/%.o: $(SRC_DIR)/$$(subst @,/,$$*).cpp
2024-08-20 09:00:46 [ DEBUG ] Data: 	@$(CC) $(CFLAGS) $(addprefix -iquote ,$(OBJ_DIR)) -c $< -o $@
2024-08-20 09:00:46 [ DEBUG ] Data: 
2024-08-20 09:00:46 [ DEBUG ] Data: $(OBJ): $(OBJ_DIR)
2024-08-20 09:00:46 [ DEBUG ] Data: 
2024-08-20 09:00:46 [ DEBUG ] Data: $(OBJ_DIR):
2024-08-20 09:00:46 [ DEBUG ] Data: 	@mkdir -p $(OBJ_DIR)
2024-08-20 09:00:46 [ DEBUG ] Data: 
2024-08-20 09:00:46 [ DEBUG ] Data: $(TEST_NAME): $(OBJ) $(TEST_OBJ)
2024-08-20 09:00:46 [ DEBUG ] Data: 	@$(CC) $(CFLAGS) $(OBJ) $(TEST_OBJ) -lgtest -lgtest_main -pthread -o $(TEST_NAME)
2024-08-20 09:00:46 [ DEBUG ] Data: 
2024-08-20 09:00:46 [ DEBUG ] Data: %.o: %.cpp
2024-08-20 09:00:46 [ DEBUG ] Data: 	@$(CC) $(CFLAGS) -c $< -o $@
2024-08-20 09:00:46 [ DEBUG ] Data: 
2024-08-20 09:00:46 [ DEBUG ] Data: clean:
2024-08-20 09:00:46 [ DEBUG ] Data: 	@printf "$(UP)$(BEGIN)$(CUT)$(YELLOW)🧹Cleaning object files...$(RESET)"
2024-08-20 09:00:46 [ DEBUG ] Data: 	@rm -rf $(OBJ_DIR)
2024-08-20 09:00:46 [ DEBUG ] Data: 
2024-08-20 09:00:46 [ DEBUG ] Data: fclean:
2024-08-20 09:00:46 [ DEBUG ] Data: 	@echo "$(UP)$(BEGIN)$(CUT)$(ORANGE)🔥Full clean, removing executable...$(RESET)"
2024-08-20 09:00:46 [ DEBUG ] Data: 	@rm -rf $(OBJ_DIR)
2024-08-20 09:00:46 [ DEBUG ] Data: 	@rm -f $(NAME) $(TEST_NAME)
2024-08-20 09:00:46 [ DEBUG ] Data: 
2024-08-20 09:00:46 [ DEBUG ] Data: re: fclean all
2024-08-20 09:00:46 [ DEBUG ] Data: 
2024-08-20 09:00:46 [ DEBUG ] Data: docker-build:
2024-08-20 09:00:46 [ DEBUG ] Data: 	@docker build -t server_test .
2024-08-20 09:00:46 [ DEBUG ] Data: 
2024-08-20 09:00:46 [ DEBUG ] Data: docker-run:
2024-08-20 09:00:46 [ DEBUG ] Data: 	@docker run -p 8080:8080 --rm server_test
2024-08-20 09:00:46 [ DEBUG ] Data: 
2024-08-20 09:00:46 [ DEBUG ] Data: docker-test: docker-build
2024-08-20 09:00:46 [ DEBUG ] Data: 	@docker run -p 8080:8080 --rm server_test ./run_tests
2024-08-20 09:00:46 [ DEBUG ] Data: 
2024-08-20 09:00:46 [ DEBUG ] Data: .PHONY: all clean fclean re
2024-08-20 09:00:46 [ DEBUG ] Data: 
2024-08-20 09:00:46 [ DEBUG ] Data: --------------------------RJZyGUmdWXHAbi11DsOJ9X--
2024-08-20 09:00:46 [ DEBUG ] Multipart form data parsed for request: /
